*** Using Compiler 'V5.06 update 6 (build 750)', folder: 'D:\Keil_ARM\ARM\ARMCC\Bin'
Build target 'Target 1'
compiling MqttKit.c...
compiling main.c...
compiling Cloud.c...
..\BSP\NetWork\Cloud.c(202): warning:  #177-D: variable "json_value"  was declared but never referenced
  	cJSON *json , *json_value;
..\BSP\NetWork\Cloud.c: 1 warning, 0 errors
compiling bsp_esp8266_driver.c...
compiling app_wifi_task.c...
..\Task\app_wifi_task.c(42): error:  #65: expected a ";"
      ESP8266_StatusTypeDef_t esp8266_status = ESP8266_ERROR; // wifiè¿æ¥çŠ¶æ€?
..\Task\app_wifi_task.c(50): error:  #20: identifier "esp8266_status" is undefined
      esp8266_status = ESP8266_Connect(); // è¿æ¥WiFi
..\Task\app_wifi_task.c(54): error:  #20: identifier "wifi_statu" is undefined
          if (wifi_statu == 0)
..\Task\app_wifi_task.c(71): warning:  #870-D: invalid multibyte character sequence
                          DEBUG_LOG("è®¢é˜…æˆåŠŸï¼?%s", *devSubTopic);
..\Task\app_wifi_task.c(41): warning:  #177-D: variable "wifi_"  was declared but never referenced
      HAL_StatusTypeDef wifi_
..\Task\app_wifi_task.c(45): warning:  #177-D: variable "PUB_BUF"  was declared but never referenced
      char PUB_BUF[256];                       // è¦ä¸Šä¼ çš„æ•°æ®
..\Task\app_wifi_task.c(47): warning:  #177-D: variable "devPubTopic"  was declared but never referenced
      const char devPubTopic[] = {"cx/123P"};  // å‘å¸ƒçš„Topic
..\Task\app_wifi_task.c: 4 warnings, 3 errors
".\Objects\F205RET6.axf" - 3 Error(s), 5 Warning(s).
Target not created.
Build Time Elapsed:  00:00:03
